Flow report for dummy_top_FIL_fil
Wed Jul 10 11:38:35 2024
Quartus Prime Version 22.1std.0 Build 915 10/25/2022 SC Standard Edition


---------------------
; Table of Contents ;
---------------------
  1. Legal Notice
  2. Flow Summary
  3. Flow Settings
  4. Flow Non-Default Global Settings
  5. Flow Elapsed Time
  6. Flow OS Summary
  7. Flow Log
  8. Flow Messages
  9. Flow Suppressed Messages



----------------
; Legal Notice ;
----------------
Copyright (C) 2022  Intel Corporation. All rights reserved.
Your use of Intel Corporation's design tools, logic functions 
and other software and tools, and any partner logic 
functions, and any output files from any of the foregoing 
(including device programming or simulation files), and any 
associated documentation or information are expressly subject 
to the terms and conditions of the Intel Program License 
Subscription Agreement, the Intel Quartus Prime License Agreement,
the Intel FPGA IP License Agreement, or other applicable license
agreement, including, without limitation, that your use is for
the sole purpose of programming logic devices manufactured by
Intel and sold by Intel or its authorized distributors.  Please
refer to the applicable agreement for further details, at
https://fpgasoftware.intel.com/eula.



+--------------------------------------------------------------------------------------+
; Flow Summary                                                                         ;
+---------------------------------+----------------------------------------------------+
; Flow Status                     ; Successful - Wed Jul 10 11:38:20 2024              ;
; Quartus Prime Version           ; 22.1std.0 Build 915 10/25/2022 SC Standard Edition ;
; Revision Name                   ; dummy_top_FIL_fil                                  ;
; Top-level Entity Name           ; dummy_top_FIL_fil                                  ;
; Family                          ; Cyclone V                                          ;
; Device                          ; 5CSEMA5F31C6                                       ;
; Timing Models                   ; Final                                              ;
; Logic utilization (in ALMs)     ; 1,155 / 32,070 ( 4 % )                             ;
; Total registers                 ; 2142                                               ;
; Total pins                      ; 2 / 457 ( < 1 % )                                  ;
; Total virtual pins              ; 0                                                  ;
; Total block memory bits         ; 134,768 / 4,065,280 ( 3 % )                        ;
; Total DSP Blocks                ; 4 / 87 ( 5 % )                                     ;
; Total HSSI RX PCSs              ; 0                                                  ;
; Total HSSI PMA RX Deserializers ; 0                                                  ;
; Total HSSI TX PCSs              ; 0                                                  ;
; Total HSSI PMA TX Serializers   ; 0                                                  ;
; Total PLLs                      ; 1 / 6 ( 17 % )                                     ;
; Total DLLs                      ; 0 / 4 ( 0 % )                                      ;
+---------------------------------+----------------------------------------------------+


+-----------------------------------------+
; Flow Settings                           ;
+-------------------+---------------------+
; Option            ; Setting             ;
+-------------------+---------------------+
; Start date & time ; 07/10/2024 11:34:13 ;
; Main task         ; Compilation         ;
; Revision Name     ; dummy_top_FIL_fil   ;
+-------------------+---------------------+


+----------------------------------------------------------------------------------------------------------------------+
; Flow Non-Default Global Settings                                                                                     ;
+----------------------------------+----------------------------------------+---------------+-------------+------------+
; Assignment Name                  ; Value                                  ; Default Value ; Entity Name ; Section Id ;
+----------------------------------+----------------------------------------+---------------+-------------+------------+
; COMPILER_SIGNATURE_ID            ; 1095850259944.172060045315912          ; --            ; --          ; --         ;
; CYCLONEII_OPTIMIZATION_TECHNIQUE ; -- (Not supported for targeted family) ; Balanced      ; --          ; --         ;
+----------------------------------+----------------------------------------+---------------+-------------+------------+


+--------------------------------------------------------------------------------------------------------------------------+
; Flow Elapsed Time                                                                                                        ;
+----------------------+--------------+-------------------------+---------------------+------------------------------------+
; Module Name          ; Elapsed Time ; Average Processors Used ; Peak Virtual Memory ; Total CPU Time (on all processors) ;
+----------------------+--------------+-------------------------+---------------------+------------------------------------+
; Analysis & Synthesis ; 00:00:36     ; 1.0                     ; 4968 MB             ; 00:00:36                           ;
; Fitter               ; 00:03:11     ; 1.1                     ; 6888 MB             ; 00:02:34                           ;
; Assembler            ; 00:00:14     ; 1.0                     ; 4917 MB             ; 00:00:07                           ;
; Timing Analyzer      ; 00:00:14     ; 1.7                     ; 5279 MB             ; 00:00:14                           ;
; Total                ; 00:04:15     ; --                      ; --                  ; 00:03:31                           ;
+----------------------+--------------+-------------------------+---------------------+------------------------------------+


+------------------------------------------------------------------------------------+
; Flow OS Summary                                                                    ;
+----------------------+------------------+------------+------------+----------------+
; Module Name          ; Machine Hostname ; OS Name    ; OS Version ; Processor type ;
+----------------------+------------------+------------+------------+----------------+
; Analysis & Synthesis ; Neyazi           ; Windows 10 ; 10.0       ; x86_64         ;
; Fitter               ; Neyazi           ; Windows 10 ; 10.0       ; x86_64         ;
; Assembler            ; Neyazi           ; Windows 10 ; 10.0       ; x86_64         ;
; Timing Analyzer      ; Neyazi           ; Windows 10 ; 10.0       ; x86_64         ;
+----------------------+------------------+------------+------------+----------------+


------------
; Flow Log ;
------------
quartus_map --read_settings_files=on --write_settings_files=off dummy_top_FIL_fil -c dummy_top_FIL_fil
quartus_fit --read_settings_files=off --write_settings_files=off dummy_top_FIL_fil -c dummy_top_FIL_fil
quartus_asm --read_settings_files=off --write_settings_files=off dummy_top_FIL_fil -c dummy_top_FIL_fil
quartus_sta dummy_top_FIL_fil -c dummy_top_FIL_fil



